android/app/build/outputs/mapping/release/seeds.txt
com.counterrelativeandroid.MainActivity
com.counterrelativeandroid.MainActivity: MainActivity()
com.counterrelativeandroid.R$anim: int abc_fade_in
com.counterrelativeandroid.R$anim: int abc_fade_out
com.counterrelativeandroid.R$anim: int abc_grow_fade_in_from_bottom
com.counterrelativeandroid.R$anim: int abc_popup_enter
com.counterrelativeandroid.R$anim: int abc_popup_exit
com.counterrelativeandroid.R$anim: int abc_shrink_fade_out_from_bottom
com.counterrelativeandroid.R$anim: int abc_slide_in_bottom
com.counterrelativeandroid.R$anim: int abc_slide_in_top
com.counterrelativeandroid.R$anim: int abc_slide_out_bottom
com.counterrelativeandroid.R$anim: int abc_slide_out_top
com.counterrelativeandroid.R$anim: int catalyst_push_up_in
com.counterrelativeandroid.R$anim: int catalyst_push_up_out
com.counterrelativeandroid.R$attr: int actionBarDivider
com.counterrelativeandroid.R$attr: int actionBarItemBackground
com.counterrelativeandroid.R$attr: int actionBarPopupTheme
com.counterrelativeandroid.R$attr: int actionBarSize
com.counterrelativeandroid.R$attr: int actionBarSplitStyle
com.counterrelativeandroid.R$attr: int actionBarStyle
com.counterrelativeandroid.R$attr: int actionBarTabBarStyle
com.counterrelativeandroid.R$attr: int actionBarTabStyle
com.counterrelativeandroid.R$attr: int actionBarTabTextStyle
com.counterrelativeandroid.R$attr: int actionBarTheme
com.counterrelativeandroid.R$attr: int actionBarWidgetTheme
com.counterrelativeandroid.R$attr: int actionButtonStyle
com.counterrelativeandroid.R$attr: int actionDropDownStyle
com.counterrelativeandroid.R$attr: int actionLayout
com.counterrelativeandroid.R$attr: int actionMenuTextAppearance
com.counterrelativeandroid.R$attr: int actionMenuTextColor
com.counterrelativeandroid.R$attr: int actionModeBackground
com.counterrelativeandroid.R$attr: int actionModeCloseButtonStyle
com.counterrelativeandroid.R$attr: int actionModeCloseDrawable
com.counterrelativeandroid.R$attr: int actionModeCopyDrawable
com.counterrelativeandroid.R$attr: int actionModeCutDrawable
com.counterrelativeandroid.R$attr: int actionModeFindDrawable
com.counterrelativeandroid.R$attr: int actionModePasteDrawable
com.counterrelativeandroid.R$attr: int actionModePopupWindowStyle
com.counterrelativeandroid.R$attr: int actionModeSelectAllDrawable
com.counterrelativeandroid.R$bool: int abc_action_bar_embed_tabs
com.counterrelativeandroid.R$bool: int abc_action_bar_embed_tabs_pre_jb
com.counterrelativeandroid.R$bool: int abc_action_bar_expanded_action_views_exclusive
com.counterrelativeandroid.R$bool: int abc_config_actionMenuItemAllCaps
com.counterrelativeandroid.R$bool: int abc_config_allowActionMenuItemTextWithIcon
com.counterrelativeandroid.R$bool: int abc_config_closeDialogWhenTouchOutside
com.counterrelativeandroid.R$bool: int abc_config_showMenuShortcutsWhenKeyboardPresent
...
com.squareup.okhttp.internal.http.HttpDate$1
com.squareup.okhttp.internal.http.HttpDate$1: HttpDate$1()
com.squareup.okhttp.internal.http.HttpDate$1: java.text.DateFormat initialValue()
com.squareup.okhttp.internal.http.HttpDate$1: java.lang.Object initialValue()
com.squareup.okhttp.internal.http.HttpEngine
com.squareup.okhttp.internal.http.HttpEngine: int MAX_FOLLOW_UPS
com.squareup.okhttp.internal.http.HttpEngine: com.squareup.okhttp.ResponseBody EMPTY_BODY
com.squareup.okhttp.internal.http.HttpEngine: com.squareup.okhttp.OkHttpClient client
com.squareup.okhttp.internal.http.HttpEngine: com.squareup.okhttp.Connection connection
com.squareup.okhttp.internal.http.HttpEngine: com.squareup.okhttp.Address address
com.squareup.okhttp.internal.http.HttpEngine: com.squareup.okhttp.internal.http.RouteSelector routeSelector
com.squareup.okhttp.internal.http.HttpEngine: com.squareup.okhttp.Route route
com.squareup.okhttp.internal.http.HttpEngine: com.squareup.okhttp.Response priorResponse
com.squareup.okhttp.internal.http.HttpEngine: com.squareup.okhttp.internal.http.Transport transport
com.squareup.okhttp.internal.http.HttpEngine: long sentRequestMillis
com.squareup.okhttp.internal.http.HttpEngine: boolean transparentGzip
com.squareup.okhttp.internal.http.HttpEngine: boolean bufferRequestBody
com.squareup.okhttp.internal.http.HttpEngine: com.squareup.okhttp.Request userRequest
com.squareup.okhttp.internal.http.HttpEngine: com.squareup.okhttp.Request networkRequest
com.squareup.okhttp.internal.http.HttpEngine: com.squareup.okhttp.Response cacheResponse
com.squareup.okhttp.internal.http.HttpEngine: com.squareup.okhttp.Response userResponse
com.squareup.okhttp.internal.http.HttpEngine: okio.Sink requestBodyOut
com.squareup.okhttp.internal.http.HttpEngine$1
com.squareup.okhttp.internal.http.HttpEngine$1: HttpEngine$1()
com.squareup.okhttp.internal.http.HttpEngine$1: com.squareup.okhttp.MediaType contentType()
com.squareup.okhttp.internal.http.HttpEngine$1: long contentLength()
com.squareup.okhttp.internal.http.HttpEngine$1: okio.BufferedSource source()
com.squareup.okhttp.internal.http.HttpEngine$2
com.squareup.okhttp.internal.http.HttpEngine$2: boolean cacheRequestClosed
com.squareup.okhttp.internal.http.HttpEngine$2: okio.BufferedSource val$source
com.squareup.okhttp.internal.http.HttpEngine$2: com.squareup.okhttp.internal.http.CacheRequest val$cacheRequest
com.squareup.okhttp.internal.http.HttpEngine$2: okio.BufferedSink val$cacheBody
com.squareup.okhttp.internal.http.HttpEngine$2: com.squareup.okhttp.internal.http.HttpEngine this$0
com.squareup.okhttp.internal.http.HttpEngine$2: HttpEngine$2(com.squareup.okhttp.internal.http.HttpEngine,okio.BufferedSource,com.squareup.okhttp.internal.http.CacheRequest,okio.BufferedSink)
com.squareup.okhttp.internal.http.HttpEngine$2: long read(okio.Buffer,long)
com.squareup.okhttp.internal.http.HttpEngine$2: okio.Timeout timeout()
com.squareup.okhttp.internal.http.HttpEngine$2: void close()
com.squareup.okhttp.internal.http.HttpEngine$NetworkInterceptorChain
com.squareup.okhttp.internal.http.HttpEngine$NetworkInterceptorChain: int index
com.squareup.okhttp.internal.http.HttpEngine$NetworkInterceptorChain: com.squareup.okhttp.Request request
com.squareup.okhttp.internal.http.HttpEngine$NetworkInterceptorChain: int calls
com.squareup.okhttp.internal.http.HttpEngine$NetworkInterceptorChain: com.squareup.okhttp.internal.http.HttpEngine this$0
com.squareup.okhttp.internal.http.HttpEngine$NetworkInterceptorChain: HttpEngine$NetworkInterceptorChain(com.squareup.okhttp.internal.http.HttpEngine,int,com.squareup.okhttp.Request)
com.squareup.okhttp.internal.http.HttpEngine$NetworkInterceptorChain: com.squareup.okhttp.Connection connection()
com.squareup.okhttp.internal.http.HttpEngine$NetworkInterceptorChain: com.squareup.okhttp.Request request()
com.squareup.okhttp.internal.http.HttpEngine$NetworkInterceptorChain: com.squareup.okhttp.Response proceed(com.squareup.okhttp.Request)