android/app/build/outputs/mapping/release/usage.txt
com.counterrelativeandroid.BuildConfig
com.counterrelativeandroid.R
com.counterrelativeandroid.R$anim
com.counterrelativeandroid.R$attr
com.counterrelativeandroid.R$bool
com.counterrelativeandroid.R$color
com.counterrelativeandroid.R$dimen
com.counterrelativeandroid.R$drawable
com.counterrelativeandroid.R$id
com.counterrelativeandroid.R$integer
com.counterrelativeandroid.R$layout
com.counterrelativeandroid.R$mipmap
com.counterrelativeandroid.R$string
com.counterrelativeandroid.R$style
com.counterrelativeandroid.R$styleable
com.counterrelativeandroid.R$xml
...
android.support.v4.media.routing.MediaRouterJellybeanMr1$ActiveScanWorkaround
android.support.v4.media.routing.MediaRouterJellybeanMr1$Callback
android.support.v4.media.routing.MediaRouterJellybeanMr1$CallbackProxy
android.support.v4.media.routing.MediaRouterJellybeanMr1$IsConnectingWorkaround
android.support.v4.media.routing.MediaRouterJellybeanMr1$RouteInfo
android.support.v4.media.routing.MediaRouterJellybeanMr2
android.support.v4.media.routing.MediaRouterJellybeanMr2$RouteInfo
android.support.v4.media.routing.MediaRouterJellybeanMr2$UserRouteInfo
android.support.v4.media.session.IMediaControllerCallback
android.support.v4.media.session.IMediaControllerCallback$Stub
android.support.v4.media.session.IMediaControllerCallback$Stub$Proxy
android.support.v4.media.session.IMediaSession
android.support.v4.media.session.IMediaSession$Stub
android.support.v4.media.session.IMediaSession$Stub$Proxy
android.support.v4.media.session.MediaControllerCompat
android.support.v4.media.session.MediaControllerCompat$1
android.support.v4.media.session.MediaControllerCompat$Callback
android.support.v4.media.session.MediaControllerCompat$Callback$MessageHandler
android.support.v4.media.session.MediaControllerCompat$Callback$StubApi21
android.support.v4.media.session.MediaControllerCompat$Callback$StubCompat
android.support.v4.media.session.MediaControllerCompat$MediaControllerImpl
android.support.v4.media.session.MediaControllerCompat$MediaControllerImplApi21
android.support.v4.media.session.MediaControllerCompat$MediaControllerImplApi23
android.support.v4.media.session.MediaControllerCompat$MediaControllerImplBase
android.support.v4.media.session.MediaControllerCompat$PlaybackInfo
android.support.v4.media.session.MediaControllerCompat$TransportControls
android.support.v4.media.session.MediaControllerCompat$TransportControlsApi21
android.support.v4.media.session.MediaControllerCompat$TransportControlsApi23
android.support.v4.media.session.MediaControllerCompat$TransportControlsBase
android.support.v4.media.session.MediaControllerCompatApi21
android.support.v4.media.session.MediaControllerCompatApi21$Callback
android.support.v4.media.session.MediaControllerCompatApi21$CallbackProxy
android.support.v4.media.session.MediaControllerCompatApi21$PlaybackInfo
android.support.v4.media.session.MediaControllerCompatApi21$TransportControls
android.support.v4.media.session.MediaControllerCompatApi23
android.support.v4.media.session.MediaControllerCompatApi23$TransportControls
android.support.v4.media.session.MediaSessionCompat
android.support.v4.media.session.MediaSessionCompat$1
android.support.v4.media.session.MediaSessionCompat$Callback
android.support.v4.media.session.MediaSessionCompat$Callback$StubApi21
android.support.v4.media.session.MediaSessionCompat$Callback$StubApi23
android.support.v4.media.session.MediaSessionCompat$MediaSessionImpl
android.support.v4.media.session.MediaSessionCompat$MediaSessionImplApi21
android.support.v4.media.session.MediaSessionCompat$MediaSessionImplBase
android.support.v4.media.session.MediaSessionCompat$MediaSessionImplBase$1
android.support.v4.media.session.MediaSessionCompat$MediaSessionImplBase$2
android.support.v4.media.session.MediaSessionCompat$MediaSessionImplBase$Command
android.support.v4.media.session.MediaSessionCompat$MediaSessionImplBase$MediaSessionStub
android.support.v4.media.session.MediaSessionCompat$MediaSessionImplBase$MessageHandler
android.support.v4.media.session.MediaSessionCompat$OnActiveChangeListener
android.support.v4.media.session.MediaSessionCompat$QueueItem
android.support.v4.media.session.MediaSessionCompat$QueueItem$1
android.support.v4.media.session.MediaSessionCompat$ResultReceiverWrapper
android.support.v4.media.session.MediaSessionCompat$ResultReceiverWrapper$1
android.support.v4.media.session.MediaSessionCompat$SessionFlags
android.support.v4.media.session.MediaSessionCompat$Token
android.support.v4.media.session.MediaSessionCompat$Token$1